Logfile initialized
[INFO] logfile = /Users/kevin/dev/appc/workspace/WUPHF/build.log
[DEBUG] /Library/Application Support/Titanium/mobilesdk/osx/1.8.0.v20110913101350/android/builder.py install WUPHF /Users/kevin/dev/android/android-sdk-r10 /Users/kevin/dev/appc/workspace/WUPHF com.appcelerator.wuphf 11
[INFO] Titanium SDK version: 1.8.0 (09/13/11 10:13 74031ac...)
[DEBUG] Waiting for device to be ready ...
[TRACE] adb devices returned 2 devices/emulators
[DEBUG] Device connected... (waited 0 seconds)
[DEBUG] waited 0.012276 seconds on emulator to get ready
[DEBUG] com.appcelerator.wuphf installed? False
[INFO] Copying project resources..
[INFO] Tiapp.xml unchanged, skipping class generation
[DEBUG] Processing Android resource drawables
[DEBUG] creating unsigned apk: /Users/kevin/dev/appc/workspace/WUPHF/build/android/bin/app-unsigned.apk
[DEBUG] from resource zip => assets/Resources/images/button.png
[DEBUG] from resource zip => assets/Resources/images/button_down.png
[DEBUG] from resource zip => assets/Resources/images/config.png
[DEBUG] from resource zip => assets/Resources/images/message.png
[DEBUG] from resource zip => assets/Resources/images/titanium.png
[DEBUG] from resource zip => assets/Resources/images/twilio.png
[DEBUG] from resource zip => assets/Resources/images/wuphf.png
[DEBUG] from resource zip => assets/Resources/lib/Twilio.js
[DEBUG] from resource zip => assets/Resources/lib/credentials.js
[DEBUG] from resource zip => assets/Resources/lib/require.js
[DEBUG] from resource zip => assets/Resources/ui/AppWindow.js
[DEBUG] from resource zip => assets/Resources/ui/ConfigView.js
[DEBUG] from resource zip => assets/Resources/ui/MainView.js
[DEBUG] from resource zip => assets/Resources/app.js
[DEBUG] from resource zip => assets/Resources/appicon.png
[DEBUG] from resource zip => assets/Resources/default.png
[DEBUG] from resource zip => assets/tiapp.xml
[DEBUG] from resource zip => res/drawable/appicon.png
[DEBUG] from resource zip => res/drawable/background.png
[DEBUG] from resource zip => res/layout/titanium_tabgroup.xml
[DEBUG] from resource zip => AndroidManifest.xml
[DEBUG] from resource zip => resources.arsc
[DEBUG] from JAR /Library/Application Support/Titanium/mobilesdk/osx/1.8.0.v20110913101350/android/titanium.jar => org/apache/Commons-NOTICE.txt
[DEBUG] from JAR /Library/Application Support/Titanium/mobilesdk/osx/1.8.0.v20110913101350/android/titanium.jar => org/apache/HttpComponents-NOTICE.txt
[DEBUG] from JAR /Library/Application Support/Titanium/mobilesdk/osx/1.8.0.v20110913101350/android/titanium.jar => org/apache/mime4j-NOTICE.txt
[DEBUG] from JAR /Library/Application Support/Titanium/mobilesdk/osx/1.8.0.v20110913101350/android/titanium.jar => org/appcelerator/titanium/build.properties
[DEBUG] from JAR /Library/Application Support/Titanium/mobilesdk/osx/1.8.0.v20110913101350/android/titanium.jar => org/appcelerator/titanium/res/drawable/background.png
[DEBUG] from JAR /Library/Application Support/Titanium/mobilesdk/osx/1.8.0.v20110913101350/android/titanium.jar => org/appcelerator/titanium/res/drawable/btn_check_buttonless_on.png
[DEBUG] from JAR /Library/Application Support/Titanium/mobilesdk/osx/1.8.0.v20110913101350/android/titanium.jar => org/appcelerator/titanium/res/drawable/btn_check_buttonless_on_18.png
[DEBUG] from JAR /Library/Application Support/Titanium/mobilesdk/osx/1.8.0.v20110913101350/android/titanium.jar => org/appcelerator/titanium/res/drawable/btn_check_buttonless_on_48.png
[DEBUG] from JAR /Library/Application Support/Titanium/mobilesdk/osx/1.8.0.v20110913101350/android/titanium.jar => org/appcelerator/titanium/res/drawable/btn_more.png
[DEBUG] from JAR /Library/Application Support/Titanium/mobilesdk/osx/1.8.0.v20110913101350/android/titanium.jar => org/appcelerator/titanium/res/drawable/btn_more_18.png
[DEBUG] from JAR /Library/Application Support/Titanium/mobilesdk/osx/1.8.0.v20110913101350/android/titanium.jar => org/appcelerator/titanium/res/drawable/btn_more_48.png
[DEBUG] from JAR /Library/Application Support/Titanium/mobilesdk/osx/1.8.0.v20110913101350/android/titanium.jar => org/appcelerator/titanium/res/drawable/btn_picker_normal.9.png
[DEBUG] from JAR /Library/Application Support/Titanium/mobilesdk/osx/1.8.0.v20110913101350/android/titanium.jar => org/appcelerator/titanium/res/drawable/btn_picker_pressed.9.png
[DEBUG] from JAR /Library/Application Support/Titanium/mobilesdk/osx/1.8.0.v20110913101350/android/titanium.jar => org/appcelerator/titanium/res/drawable/btn_picker_selected.9.png
[DEBUG] from JAR /Library/Application Support/Titanium/mobilesdk/osx/1.8.0.v20110913101350/android/titanium.jar => org/appcelerator/titanium/res/drawable/default_icon.png
[DEBUG] from JAR /Library/Application Support/Titanium/mobilesdk/osx/1.8.0.v20110913101350/android/titanium.jar => org/appcelerator/titanium/res/drawable/photoDefault.png
[DEBUG] from JAR /Library/Application Support/Titanium/mobilesdk/osx/1.8.0.v20110913101350/android/smalljs.jar => org/mozilla/javascript/resources/Messages.properties
[DEBUG] from JAR /Library/Application Support/Titanium/mobilesdk/osx/1.8.0.v20110913101350/android/smalljs.jar => org/mozilla/javascript/resources/Messages_fr.properties
[DEBUG] from JAR /Library/Application Support/Titanium/mobilesdk/osx/1.8.0.v20110913101350/android/modules/titanium-ui.jar => ti/modules/titanium/ui/widget/webview/binding.js
[DEBUG] from JAR /Library/Application Support/Titanium/mobilesdk/osx/1.8.0.v20110913101350/android/modules/titanium-ui.jar => ti/modules/titanium/ui/widget/webview/binding.min.js
[DEBUG] from JAR /Library/Application Support/Titanium/mobilesdk/osx/1.8.0.v20110913101350/android/modules/titanium-ui.jar => ti/modules/titanium/ui/widget/webview/json2.js
[DEBUG] Waiting for device to be ready ...
[TRACE] adb devices returned 2 devices/emulators
[DEBUG] Device connected... (waited 0 seconds)
[DEBUG] waited 0.012917 seconds on emulator to get ready
[INFO] Installing application on emulator
[INFO] Application installed. Launch from drawer on Home Screen
[INFO] Android Emulator has exited
