Logfile initialized
[INFO] logfile = /Users/kevin/dev/appc/Forging-Titanium/ep-002/build.log
[DEBUG] /Library/Application Support/Titanium/mobilesdk/osx/1.7.2/android/builder.py install NavigationControllerDemo /Users/kevin/dev/android/android-sdk-r10 /Users/kevin/dev/appc/Forging-Titanium/ep-002 com.appcelerator.navcontroller 11
[INFO] Titanium SDK version: 1.7.2 (07/21/11 09:36 97c3689)
[DEBUG] Waiting for device to be ready ...
[TRACE] adb devices returned 1 devices/emulators
[DEBUG] Device connected... (waited 0 seconds)
[DEBUG] waited 0.010801 seconds on emulator to get ready
[DEBUG] com.appcelerator.navcontroller installed? False
[INFO] Copying project resources..
[TRACE] COPYING MODIFIED FILE: /Users/kevin/dev/appc/Forging-Titanium/ep-002/Resources/TestWindow.js => /Users/kevin/dev/appc/Forging-Titanium/ep-002/build/android/bin/assets/Resources/TestWindow.js
[TRACE] Generating Java Classes
[DEBUG] Processing Android resource drawables
[DEBUG] copying app icon: /Users/kevin/dev/appc/Forging-Titanium/ep-002/build/android/bin/assets/Resources/appicon.png
[DEBUG] generating theme.xml
[DEBUG] found drawable-long-land-hdpi splash screen at /Users/kevin/dev/appc/Forging-Titanium/ep-002/Resources/android/images/res-long-land-hdpi/default.png
[DEBUG] copying /Users/kevin/dev/appc/Forging-Titanium/ep-002/Resources/android/images/res-long-land-hdpi/default.png splash screen to /Users/kevin/dev/appc/Forging-Titanium/ep-002/build/android/res/drawable-long-land-hdpi/background.png
[DEBUG] found drawable-long-land-ldpi splash screen at /Users/kevin/dev/appc/Forging-Titanium/ep-002/Resources/android/images/res-long-land-ldpi/default.png
[DEBUG] copying /Users/kevin/dev/appc/Forging-Titanium/ep-002/Resources/android/images/res-long-land-ldpi/default.png splash screen to /Users/kevin/dev/appc/Forging-Titanium/ep-002/build/android/res/drawable-long-land-ldpi/background.png
[DEBUG] found drawable-long-port-hdpi splash screen at /Users/kevin/dev/appc/Forging-Titanium/ep-002/Resources/android/images/res-long-port-hdpi/default.png
[DEBUG] copying /Users/kevin/dev/appc/Forging-Titanium/ep-002/Resources/android/images/res-long-port-hdpi/default.png splash screen to /Users/kevin/dev/appc/Forging-Titanium/ep-002/build/android/res/drawable-long-port-hdpi/background.png
[DEBUG] found drawable-long-port-ldpi splash screen at /Users/kevin/dev/appc/Forging-Titanium/ep-002/Resources/android/images/res-long-port-ldpi/default.png
[DEBUG] copying /Users/kevin/dev/appc/Forging-Titanium/ep-002/Resources/android/images/res-long-port-ldpi/default.png splash screen to /Users/kevin/dev/appc/Forging-Titanium/ep-002/build/android/res/drawable-long-port-ldpi/background.png
[DEBUG] found drawable-notlong-land-hdpi splash screen at /Users/kevin/dev/appc/Forging-Titanium/ep-002/Resources/android/images/res-notlong-land-hdpi/default.png
[DEBUG] copying /Users/kevin/dev/appc/Forging-Titanium/ep-002/Resources/android/images/res-notlong-land-hdpi/default.png splash screen to /Users/kevin/dev/appc/Forging-Titanium/ep-002/build/android/res/drawable-notlong-land-hdpi/background.png
[DEBUG] found drawable-notlong-land-ldpi splash screen at /Users/kevin/dev/appc/Forging-Titanium/ep-002/Resources/android/images/res-notlong-land-ldpi/default.png
[DEBUG] copying /Users/kevin/dev/appc/Forging-Titanium/ep-002/Resources/android/images/res-notlong-land-ldpi/default.png splash screen to /Users/kevin/dev/appc/Forging-Titanium/ep-002/build/android/res/drawable-notlong-land-ldpi/background.png
[DEBUG] found drawable-notlong-land-mdpi splash screen at /Users/kevin/dev/appc/Forging-Titanium/ep-002/Resources/android/images/res-notlong-land-mdpi/default.png
[DEBUG] copying /Users/kevin/dev/appc/Forging-Titanium/ep-002/Resources/android/images/res-notlong-land-mdpi/default.png splash screen to /Users/kevin/dev/appc/Forging-Titanium/ep-002/build/android/res/drawable-notlong-land-mdpi/background.png
[DEBUG] found drawable-notlong-port-hdpi splash screen at /Users/kevin/dev/appc/Forging-Titanium/ep-002/Resources/android/images/res-notlong-port-hdpi/default.png
[DEBUG] copying /Users/kevin/dev/appc/Forging-Titanium/ep-002/Resources/android/images/res-notlong-port-hdpi/default.png splash screen to /Users/kevin/dev/appc/Forging-Titanium/ep-002/build/android/res/drawable-notlong-port-hdpi/background.png
[DEBUG] found drawable-notlong-port-ldpi splash screen at /Users/kevin/dev/appc/Forging-Titanium/ep-002/Resources/android/images/res-notlong-port-ldpi/default.png
[DEBUG] copying /Users/kevin/dev/appc/Forging-Titanium/ep-002/Resources/android/images/res-notlong-port-ldpi/default.png splash screen to /Users/kevin/dev/appc/Forging-Titanium/ep-002/build/android/res/drawable-notlong-port-ldpi/background.png
[DEBUG] found drawable-notlong-port-mdpi splash screen at /Users/kevin/dev/appc/Forging-Titanium/ep-002/Resources/android/images/res-notlong-port-mdpi/default.png
[DEBUG] copying /Users/kevin/dev/appc/Forging-Titanium/ep-002/Resources/android/images/res-notlong-port-mdpi/default.png splash screen to /Users/kevin/dev/appc/Forging-Titanium/ep-002/build/android/res/drawable-notlong-port-mdpi/background.png
[DEBUG] found splash screen at /Users/kevin/dev/appc/Forging-Titanium/ep-002/build/android/bin/assets/Resources/default.png
[TRACE] Writing out AndroidManifest.xml
[DEBUG] adding /Users/kevin/dev/appc/Forging-Titanium/ep-002/build/android/gen/com/appcelerator/navcontroller/NavigationcontrollerdemoActivity.java to javac build list
[DEBUG] adding /Users/kevin/dev/appc/Forging-Titanium/ep-002/build/android/gen/com/appcelerator/navcontroller/NavigationcontrollerdemoAppInfo.java to javac build list
[DEBUG] adding /Users/kevin/dev/appc/Forging-Titanium/ep-002/build/android/gen/com/appcelerator/navcontroller/NavigationcontrollerdemoApplication.java to javac build list
[DEBUG] adding /Users/kevin/dev/appc/Forging-Titanium/ep-002/build/android/gen/com/appcelerator/navcontroller/R.java to javac build list
[DEBUG] Building Java Sources: "/Users/kevin/dev/appc/Forging-Titanium/ep-002/build/android/gen/com/appcelerator/navcontroller/NavigationcontrollerdemoActivity.java" "/Users/kevin/dev/appc/Forging-Titanium/ep-002/build/android/gen/com/appcelerator/navcontroller/NavigationcontrollerdemoAppInfo.java" "/Users/kevin/dev/appc/Forging-Titanium/ep-002/build/android/gen/com/appcelerator/navcontroller/NavigationcontrollerdemoApplication.java" "/Users/kevin/dev/appc/Forging-Titanium/ep-002/build/android/gen/com/appcelerator/navcontroller/R.java"
[INFO] Compiling Android Resources... This could take some time
[DEBUG] Android classes.dex built
[DEBUG] creating unsigned apk: /Users/kevin/dev/appc/Forging-Titanium/ep-002/build/android/bin/app-unsigned.apk
[DEBUG] from resource zip => assets/Resources/NavigationController.js
[DEBUG] from resource zip => assets/Resources/TestWindow.js
[DEBUG] from resource zip => assets/Resources/app.js
[DEBUG] from resource zip => assets/Resources/appicon.png
[DEBUG] from resource zip => assets/Resources/default.png
[DEBUG] from resource zip => assets/tiapp.xml
[DEBUG] from resource zip => res/drawable/appicon.png
[DEBUG] from resource zip => res/drawable/background.png
[DEBUG] from resource zip => res/layout/titanium_tabgroup.xml
[DEBUG] from resource zip => AndroidManifest.xml
[DEBUG] from resource zip => resources.arsc
[DEBUG] from resource zip => res/drawable-long-land-hdpi/background.png
[DEBUG] from resource zip => res/drawable-long-land-ldpi/background.png
[DEBUG] from resource zip => res/drawable-long-port-hdpi/background.png
[DEBUG] from resource zip => res/drawable-long-port-ldpi/background.png
[DEBUG] from resource zip => res/drawable-notlong-land-hdpi/background.png
[DEBUG] from resource zip => res/drawable-notlong-land-ldpi/background.png
[DEBUG] from resource zip => res/drawable-notlong-land-mdpi/background.png
[DEBUG] from resource zip => res/drawable-notlong-port-hdpi/background.png
[DEBUG] from resource zip => res/drawable-notlong-port-ldpi/background.png
[DEBUG] from resource zip => res/drawable-notlong-port-mdpi/background.png
[DEBUG] from JAR /Library/Application Support/Titanium/mobilesdk/osx/1.7.2/android/smalljs.jar => org/mozilla/javascript/resources/Messages.properties
[DEBUG] from JAR /Library/Application Support/Titanium/mobilesdk/osx/1.7.2/android/smalljs.jar => org/mozilla/javascript/resources/Messages_fr.properties
[DEBUG] from JAR /Library/Application Support/Titanium/mobilesdk/osx/1.7.2/android/modules/titanium-ui.jar => ti/modules/titanium/ui/widget/webview/binding.js
[DEBUG] from JAR /Library/Application Support/Titanium/mobilesdk/osx/1.7.2/android/modules/titanium-ui.jar => ti/modules/titanium/ui/widget/webview/binding.min.js
[DEBUG] from JAR /Library/Application Support/Titanium/mobilesdk/osx/1.7.2/android/modules/titanium-ui.jar => ti/modules/titanium/ui/widget/webview/json2.js
[DEBUG] from JAR /Library/Application Support/Titanium/mobilesdk/osx/1.7.2/android/titanium.jar => org/apache/Commons-NOTICE.txt
[DEBUG] from JAR /Library/Application Support/Titanium/mobilesdk/osx/1.7.2/android/titanium.jar => org/apache/HttpComponents-NOTICE.txt
[DEBUG] from JAR /Library/Application Support/Titanium/mobilesdk/osx/1.7.2/android/titanium.jar => org/apache/mime4j-NOTICE.txt
[DEBUG] from JAR /Library/Application Support/Titanium/mobilesdk/osx/1.7.2/android/titanium.jar => org/appcelerator/titanium/build.properties
[DEBUG] from JAR /Library/Application Support/Titanium/mobilesdk/osx/1.7.2/android/titanium.jar => org/appcelerator/titanium/res/drawable/background.png
[DEBUG] from JAR /Library/Application Support/Titanium/mobilesdk/osx/1.7.2/android/titanium.jar => org/appcelerator/titanium/res/drawable/btn_check_buttonless_on.png
[DEBUG] from JAR /Library/Application Support/Titanium/mobilesdk/osx/1.7.2/android/titanium.jar => org/appcelerator/titanium/res/drawable/btn_check_buttonless_on_18.png
[DEBUG] from JAR /Library/Application Support/Titanium/mobilesdk/osx/1.7.2/android/titanium.jar => org/appcelerator/titanium/res/drawable/btn_check_buttonless_on_48.png
[DEBUG] from JAR /Library/Application Support/Titanium/mobilesdk/osx/1.7.2/android/titanium.jar => org/appcelerator/titanium/res/drawable/btn_more.png
[DEBUG] from JAR /Library/Application Support/Titanium/mobilesdk/osx/1.7.2/android/titanium.jar => org/appcelerator/titanium/res/drawable/btn_more_18.png
[DEBUG] from JAR /Library/Application Support/Titanium/mobilesdk/osx/1.7.2/android/titanium.jar => org/appcelerator/titanium/res/drawable/btn_more_48.png
[DEBUG] from JAR /Library/Application Support/Titanium/mobilesdk/osx/1.7.2/android/titanium.jar => org/appcelerator/titanium/res/drawable/btn_picker_normal.9.png
[DEBUG] from JAR /Library/Application Support/Titanium/mobilesdk/osx/1.7.2/android/titanium.jar => org/appcelerator/titanium/res/drawable/btn_picker_pressed.9.png
[DEBUG] from JAR /Library/Application Support/Titanium/mobilesdk/osx/1.7.2/android/titanium.jar => org/appcelerator/titanium/res/drawable/btn_picker_selected.9.png
[DEBUG] from JAR /Library/Application Support/Titanium/mobilesdk/osx/1.7.2/android/titanium.jar => org/appcelerator/titanium/res/drawable/default_icon.png
[DEBUG] from JAR /Library/Application Support/Titanium/mobilesdk/osx/1.7.2/android/titanium.jar => org/appcelerator/titanium/res/drawable/photoDefault.png
[DEBUG] Waiting for device to be ready ...
[TRACE] adb devices returned 1 devices/emulators
[DEBUG] Device connected... (waited 0 seconds)
[DEBUG] waited 0.010158 seconds on emulator to get ready
[INFO] Installing application on emulator
[INFO] Application installed. Launch from drawer on Home Screen
