Logfile initialized
[INFO] logfile = /Users/tlukasavage/Documents/Titanium Studio Workspace/Forms/build.log
[DEBUG] /Users/tlukasavage/Library/Application Support/Titanium/mobilesdk/osx/1.7.3.v20111007133015/android/builder.py simulator Forms /Users/tlukasavage/Development/android-sdk-mac_x86 /Users/tlukasavage/Documents/Titanium Studio Workspace/Forms com.appcelerator.forms 7 HVGA 
[INFO] Building Forms for Android ... one moment
[INFO] Titanium SDK version: 1.7.3 (10/07/11 13:30 fa408d4...)
[DEBUG] Waiting for device to be ready ...
[TRACE] adb devices returned 1 devices/emulators
[DEBUG] Device connected... (waited 0 seconds)
[DEBUG] waited 0.024064 seconds on emulator to get ready
[DEBUG] com.appcelerator.forms installed? True
[INFO] Fastdev server running, deploying in Fastdev mode
[INFO] Copying project resources..
[TRACE] COPYING MODIFIED FILE: /Users/tlukasavage/Documents/Titanium Studio Workspace/Forms/Resources/forms.js => /Users/tlukasavage/Documents/Titanium Studio Workspace/Forms/build/android/bin/assets/Resources/forms.js
[INFO] Tiapp.xml unchanged, skipping class generation
[DEBUG] Processing Android resource drawables
[DEBUG] found drawable-long-land-hdpi splash screen at /Users/tlukasavage/Documents/Titanium Studio Workspace/Forms/Resources/android/images/res-long-land-hdpi/default.png
[DEBUG] found drawable-long-land-ldpi splash screen at /Users/tlukasavage/Documents/Titanium Studio Workspace/Forms/Resources/android/images/res-long-land-ldpi/default.png
[DEBUG] found drawable-long-port-hdpi splash screen at /Users/tlukasavage/Documents/Titanium Studio Workspace/Forms/Resources/android/images/res-long-port-hdpi/default.png
[DEBUG] found drawable-long-port-ldpi splash screen at /Users/tlukasavage/Documents/Titanium Studio Workspace/Forms/Resources/android/images/res-long-port-ldpi/default.png
[DEBUG] found drawable-notlong-land-hdpi splash screen at /Users/tlukasavage/Documents/Titanium Studio Workspace/Forms/Resources/android/images/res-notlong-land-hdpi/default.png
[DEBUG] found drawable-notlong-land-ldpi splash screen at /Users/tlukasavage/Documents/Titanium Studio Workspace/Forms/Resources/android/images/res-notlong-land-ldpi/default.png
[DEBUG] found drawable-notlong-land-mdpi splash screen at /Users/tlukasavage/Documents/Titanium Studio Workspace/Forms/Resources/android/images/res-notlong-land-mdpi/default.png
[DEBUG] found drawable-notlong-port-hdpi splash screen at /Users/tlukasavage/Documents/Titanium Studio Workspace/Forms/Resources/android/images/res-notlong-port-hdpi/default.png
[DEBUG] found drawable-notlong-port-ldpi splash screen at /Users/tlukasavage/Documents/Titanium Studio Workspace/Forms/Resources/android/images/res-notlong-port-ldpi/default.png
[DEBUG] found drawable-notlong-port-mdpi splash screen at /Users/tlukasavage/Documents/Titanium Studio Workspace/Forms/Resources/android/images/res-notlong-port-mdpi/default.png
[INFO] Waiting for SDCard to become available..
[INFO] Re-launching application ... Forms
[INFO] Launching application ... Forms
[TRACE] Launch output: Starting: Intent { act=android.intent.action.MAIN cat=[android.intent.category.LAUNCHER] cmp=com.appcelerator.forms/.FormsActivity }

